c:\users\pablo\desktop\practica1\practica1\proyectosig_vs13_gl_fg_glm\myapp\debug\vc141.pdb
c:\users\pablo\desktop\practica1\practica1\proyectosig_vs13_gl_fg_glm\myapp\debug\vc141.idb
c:\users\pablo\desktop\practica1\practica1\proyectosig_vs13_gl_fg_glm\myapp\debug\entities.obj
c:\users\pablo\desktop\practica1\practica1\proyectosig_vs13_gl_fg_glm\myapp\debug\main.obj
c:\users\pablo\desktop\practica1\practica1\proyectosig_vs13_gl_fg_glm\myapp\debug\mesh.obj
c:\users\pablo\desktop\practica1\practica1\proyectosig_vs13_gl_fg_glm\myapp\debug\pixmap32rgba.obj
c:\users\pablo\desktop\practica1\practica1\proyectosig_vs13_gl_fg_glm\myapp\debug\scene.obj
c:\users\pablo\desktop\practica1\practica1\proyectosig_vs13_gl_fg_glm\myapp\debug\camera.obj
c:\users\pablo\desktop\practica1\practica1\proyectosig_vs13_gl_fg_glm\myapp\debug\texture.obj
c:\users\pablo\desktop\practica1\practica1\proyectosig_vs13_gl_fg_glm\bin\myappdebug.ilk
c:\users\pablo\desktop\practica1\practica1\proyectosig_vs13_gl_fg_glm\bin\myappdebug.exe
c:\users\pablo\desktop\practica1\practica1\proyectosig_vs13_gl_fg_glm\bin\myappdebug.pdb
c:\users\pablo\desktop\practica1\practica1\proyectosig_vs13_gl_fg_glm\myapp\debug\vc120.idb
c:\users\pablo\desktop\practica1\practica1\proyectosig_vs13_gl_fg_glm\myapp\debug\vc120.pdb
c:\users\pablo\desktop\practica1\practica1\proyectosig_vs13_gl_fg_glm\myapp\debug\myapp.tlog\cl.command.1.tlog
c:\users\pablo\desktop\practica1\practica1\proyectosig_vs13_gl_fg_glm\myapp\debug\myapp.tlog\cl.read.1.tlog
c:\users\pablo\desktop\practica1\practica1\proyectosig_vs13_gl_fg_glm\myapp\debug\myapp.tlog\cl.write.1.tlog
c:\users\pablo\desktop\practica1\practica1\proyectosig_vs13_gl_fg_glm\myapp\debug\myapp.tlog\link.command.1.tlog
c:\users\pablo\desktop\practica1\practica1\proyectosig_vs13_gl_fg_glm\myapp\debug\myapp.tlog\link.delete.1.tlog
c:\users\pablo\desktop\practica1\practica1\proyectosig_vs13_gl_fg_glm\myapp\debug\myapp.tlog\link.read.1.tlog
c:\users\pablo\desktop\practica1\practica1\proyectosig_vs13_gl_fg_glm\myapp\debug\myapp.tlog\link.write.1.tlog
