p:\universidad\asignaturas\segundo curso\infromatica grafica i\practica 2\ig_practica2entrega\igpr2\myapp\debug\vc141.pdb
p:\universidad\asignaturas\segundo curso\infromatica grafica i\practica 2\ig_practica2entrega\igpr2\myapp\debug\vc141.idb
p:\universidad\asignaturas\segundo curso\infromatica grafica i\practica 2\ig_practica2entrega\igpr2\myapp\debug\entities.obj
p:\universidad\asignaturas\segundo curso\infromatica grafica i\practica 2\ig_practica2entrega\igpr2\myapp\debug\indexmesh.obj
p:\universidad\asignaturas\segundo curso\infromatica grafica i\practica 2\ig_practica2entrega\igpr2\myapp\debug\light.obj
p:\universidad\asignaturas\segundo curso\infromatica grafica i\practica 2\ig_practica2entrega\igpr2\myapp\debug\main.obj
p:\universidad\asignaturas\segundo curso\infromatica grafica i\practica 2\ig_practica2entrega\igpr2\myapp\debug\material.obj
p:\universidad\asignaturas\segundo curso\infromatica grafica i\practica 2\ig_practica2entrega\igpr2\myapp\debug\mesh.obj
p:\universidad\asignaturas\segundo curso\infromatica grafica i\practica 2\ig_practica2entrega\igpr2\myapp\debug\pixmap32rgba.obj
p:\universidad\asignaturas\segundo curso\infromatica grafica i\practica 2\ig_practica2entrega\igpr2\myapp\debug\scene.obj
p:\universidad\asignaturas\segundo curso\infromatica grafica i\practica 2\ig_practica2entrega\igpr2\myapp\debug\camera.obj
p:\universidad\asignaturas\segundo curso\infromatica grafica i\practica 2\ig_practica2entrega\igpr2\myapp\debug\spotlight.obj
p:\universidad\asignaturas\segundo curso\infromatica grafica i\practica 2\ig_practica2entrega\igpr2\myapp\debug\texture.obj
p:\universidad\asignaturas\segundo curso\infromatica grafica i\practica 2\ig_practica2entrega\igpr2\bin\myappdebug.ilk
p:\universidad\asignaturas\segundo curso\infromatica grafica i\practica 2\ig_practica2entrega\igpr2\bin\myappdebug.exe
p:\universidad\asignaturas\segundo curso\infromatica grafica i\practica 2\ig_practica2entrega\igpr2\bin\myappdebug.pdb
p:\universidad\asignaturas\segundo curso\infromatica grafica i\practica 2\ig_practica2entrega\igpr2\myapp\debug\myapp.tlog\cl.command.1.tlog
p:\universidad\asignaturas\segundo curso\infromatica grafica i\practica 2\ig_practica2entrega\igpr2\myapp\debug\myapp.tlog\cl.read.1.tlog
p:\universidad\asignaturas\segundo curso\infromatica grafica i\practica 2\ig_practica2entrega\igpr2\myapp\debug\myapp.tlog\cl.write.1.tlog
p:\universidad\asignaturas\segundo curso\infromatica grafica i\practica 2\ig_practica2entrega\igpr2\myapp\debug\myapp.tlog\link.command.1.tlog
p:\universidad\asignaturas\segundo curso\infromatica grafica i\practica 2\ig_practica2entrega\igpr2\myapp\debug\myapp.tlog\link.read.1.tlog
p:\universidad\asignaturas\segundo curso\infromatica grafica i\practica 2\ig_practica2entrega\igpr2\myapp\debug\myapp.tlog\link.write.1.tlog
